TN:
SF:src/calculator.ts
FN:6,(anonymous_8)
FN:12,(anonymous_9)
FN:17,(anonymous_10)
FN:21,(anonymous_11)
FN:28,(anonymous_12)
FN:32,(anonymous_13)
FN:36,(anonymous_14)
FN:37,(anonymous_15)
FN:38,(anonymous_16)
FN:44,(anonymous_17)
FN:48,(anonymous_19)
FNF:11
FNH:11
FNDA:3,(anonymous_8)
FNDA:3,(anonymous_9)
FNDA:1,(anonymous_10)
FNDA:2,(anonymous_11)
FNDA:1,(anonymous_12)
FNDA:4,(anonymous_13)
FNDA:2,(anonymous_14)
FNDA:2,(anonymous_15)
FNDA:2,(anonymous_16)
FNDA:1,(anonymous_17)
FNDA:1,(anonymous_19)
DA:1,1
DA:3,1
DA:7,3
DA:8,3
DA:9,3
DA:13,3
DA:14,3
DA:18,1
DA:22,2
DA:23,1
DA:25,1
DA:29,1
DA:33,4
DA:37,2
DA:38,2
DA:39,2
DA:45,1
DA:49,1
DA:53,1
LF:19
LH:19
BRDA:22,0,0,1
BRF:1
BRH:1
end_of_record
